<?xml version="1.0" encoding="UTF-8"?>
<testng-results skipped="0" failed="0" ignored="0" total="2" passed="2">
  <reporter-output>
  </reporter-output>
  <suite name="Default suite" duration-ms="156874" started-at="2020-06-27T07:10:59Z" finished-at="2020-06-27T07:13:36Z">
    <groups>
    </groups>
    <test name="Default test" duration-ms="156874" started-at="2020-06-27T07:10:59Z" finished-at="2020-06-27T07:13:36Z">
      <class name="com.qa.hs.tests.LoginTest">
        <test-method status="PASS" signature="loginTest()[pri:0, instance:com.qa.hs.tests.LoginTest@703580bf]" name="loginTest" duration-ms="156565" started-at="2020-06-27T07:10:59Z" finished-at="2020-06-27T07:13:36Z">
          <reporter-output>
          </reporter-output>
        </test-method> <!-- loginTest -->
        <test-method status="PASS" signature="signUpTest()[pri:0, instance:com.qa.hs.tests.LoginTest@703580bf]" name="signUpTest" duration-ms="254" started-at="2020-06-27T07:13:36Z" finished-at="2020-06-27T07:13:36Z">
          <reporter-output>
          </reporter-output>
        </test-method> <!-- signUpTest -->
      </class> <!-- com.qa.hs.tests.LoginTest -->
    </test> <!-- Default test -->
  </suite> <!-- Default suite -->
</testng-results>
